<?xml version="1.0" encoding="UTF-8"?>
<!-- Generated by org.testng.reporters.JUnitReportReporter -->
<testsuite hostname="LTIN508071" failures="0" tests="2" name="com.becognizant.testcases.Test2_onecPage_Test" time="55.831" errors="0" timestamp="2024-04-03T11:57:04 IST" skipped="0">
  <testcase classname="com.becognizant.testcases.Test2_onecPage_Test" name="navigate_outreach" time="36.843"/>
  <testcase classname="com.becognizant.testcases.Test2_onecPage_Test" name="navigate_outreach" time="18.988"/>
</testsuite> <!-- com.becognizant.testcases.Test2_onecPage_Test -->
