<?xml version="1.0" encoding="UTF-8"?>
<!-- Generated by org.testng.reporters.JUnitReportReporter -->
<testsuite hostname="LTIN508071" failures="0" tests="14" name="com.becognizant.testcases.Test3_outreachPage_Test" time="204.249" errors="0" timestamp="2024-04-03T11:57:04 IST" skipped="0">
  <testcase classname="com.becognizant.testcases.Test3_outreachPage_Test" name="print_menu" time="10.140"/>
  <testcase classname="com.becognizant.testcases.Test3_outreachPage_Test" name="print_menu" time="10.217"/>
  <testcase classname="com.becognizant.testcases.Test3_outreachPage_Test" name="print_submenu" time="1.905"/>
  <testcase classname="com.becognizant.testcases.Test3_outreachPage_Test" name="print_submenu" time="2.075"/>
  <testcase classname="com.becognizant.testcases.Test3_outreachPage_Test" name="print_interest" time="5.499"/>
  <testcase classname="com.becognizant.testcases.Test3_outreachPage_Test" name="print_interest" time="5.588"/>
  <testcase classname="com.becognizant.testcases.Test3_outreachPage_Test" name="validatesearch" time="40.054"/>
  <testcase classname="com.becognizant.testcases.Test3_outreachPage_Test" name="validatesearch" time="39.179"/>
  <testcase classname="com.becognizant.testcases.Test3_outreachPage_Test" name="validatedate" time="33.275"/>
  <testcase classname="com.becognizant.testcases.Test3_outreachPage_Test" name="validatedate" time="33.351"/>
  <testcase classname="com.becognizant.testcases.Test3_outreachPage_Test" name="click_vol" time="0.918"/>
  <testcase classname="com.becognizant.testcases.Test3_outreachPage_Test" name="click_vol" time="1.144"/>
  <testcase classname="com.becognizant.testcases.Test3_outreachPage_Test" name="fetch_cards" time="10.476"/>
  <testcase classname="com.becognizant.testcases.Test3_outreachPage_Test" name="fetch_cards" time="10.428"/>
</testsuite> <!-- com.becognizant.testcases.Test3_outreachPage_Test -->
